0 info it worked if it ends with ok
1 verbose cli [ '/home/rahul/.nvm/versions/node/v6.11.0/bin/node',
1 verbose cli   '/home/rahul/.nvm/versions/node/v6.11.0/bin/npm',
1 verbose cli   'start' ]
2 info using npm@3.10.10
3 info using node@v6.11.0
4 verbose run-script [ 'prestart', 'start', 'poststart' ]
5 info lifecycle ip-resolver@1.0.0~prestart: ip-resolver@1.0.0
6 silly lifecycle ip-resolver@1.0.0~prestart: no script for prestart, continuing
7 info lifecycle ip-resolver@1.0.0~start: ip-resolver@1.0.0
8 verbose lifecycle ip-resolver@1.0.0~start: unsafe-perm in lifecycle true
9 verbose lifecycle ip-resolver@1.0.0~start: PATH: /home/rahul/.nvm/versions/node/v6.11.0/lib/node_modules/npm/bin/node-gyp-bin:/home/rahul/codebase/assignment/ip-resolver/node_modules/.bin:/home/rahul/software/dse-5.1.1/bin:/home/rahul/software/mongodb-linux-x86_64-ubuntu1604-3.4.6/bin:/home/rahul/software/spark-2.2.0-bin-hadoop2.7/bin:/home/rahul/.nvm/versions/node/v6.11.0/bin:/home/rahul/bin:/home/rahul/.local/bin:/home/rahul/software/dse-5.1.1/bin:/home/rahul/software/mongodb-linux-x86_64-ubuntu1604-3.4.6/bin:/home/rahul/software/spark-2.2.0-bin-hadoop2.7/bin:/home/rahul/bin:/home/rahul/.local/bin:/usr/local/sbin:/usr/local/bin:/usr/sbin:/usr/bin:/sbin:/bin:/usr/games:/usr/local/games:/snap/bin:/usr/lib/jvm/java-8-oracle/bin:/usr/lib/jvm/java-8-oracle/db/bin:/usr/lib/jvm/java-8-oracle/jre/bin:/snap/bin:/usr/lib/jvm/java-8-oracle/bin:/usr/lib/jvm/java-8-oracle/db/bin:/usr/lib/jvm/java-8-oracle/jre/bin
10 verbose lifecycle ip-resolver@1.0.0~start: CWD: /home/rahul/codebase/assignment/ip-resolver
11 silly lifecycle ip-resolver@1.0.0~start: Args: [ '-c', 'node app.js' ]
12 silly lifecycle ip-resolver@1.0.0~start: Returned: code: 1  signal: null
13 info lifecycle ip-resolver@1.0.0~start: Failed to exec start script
14 verbose stack Error: ip-resolver@1.0.0 start: `node app.js`
14 verbose stack Exit status 1
14 verbose stack     at EventEmitter.<anonymous> (/home/rahul/.nvm/versions/node/v6.11.0/lib/node_modules/npm/lib/utils/lifecycle.js:255:16)
14 verbose stack     at emitTwo (events.js:106:13)
14 verbose stack     at EventEmitter.emit (events.js:191:7)
14 verbose stack     at ChildProcess.<anonymous> (/home/rahul/.nvm/versions/node/v6.11.0/lib/node_modules/npm/lib/utils/spawn.js:40:14)
14 verbose stack     at emitTwo (events.js:106:13)
14 verbose stack     at ChildProcess.emit (events.js:191:7)
14 verbose stack     at maybeClose (internal/child_process.js:891:16)
14 verbose stack     at Process.ChildProcess._handle.onexit (internal/child_process.js:226:5)
15 verbose pkgid ip-resolver@1.0.0
16 verbose cwd /home/rahul/codebase/assignment/ip-resolver
17 error Linux 4.10.0-32-generic
18 error argv "/home/rahul/.nvm/versions/node/v6.11.0/bin/node" "/home/rahul/.nvm/versions/node/v6.11.0/bin/npm" "start"
19 error node v6.11.0
20 error npm  v3.10.10
21 error code ELIFECYCLE
22 error ip-resolver@1.0.0 start: `node app.js`
22 error Exit status 1
23 error Failed at the ip-resolver@1.0.0 start script 'node app.js'.
23 error Make sure you have the latest version of node.js and npm installed.
23 error If you do, this is most likely a problem with the ip-resolver package,
23 error not with npm itself.
23 error Tell the author that this fails on your system:
23 error     node app.js
23 error You can get information on how to open an issue for this project with:
23 error     npm bugs ip-resolver
23 error Or if that isn't available, you can get their info via:
23 error     npm owner ls ip-resolver
23 error There is likely additional logging output above.
24 verbose exit [ 1, true ]
